<?xml version="1.0" encoding="UTF-8"?>
<!-- Generated by org.testng.reporters.JUnitXMLReporter -->
<testsuite hostname="DESKTOP-7F3VJB9" ignored="0" name="Validate Title Test" tests="1" failures="1" timestamp="2019-10-29T12:27:37 PDT" time="0.042" errors="0">
  <testcase name="validateElements" time="0.014" classname="com.test.test03.softassertion.TestCase2SoftAssert">
    <failure type="java.lang.AssertionError" message="The following asserts failed:
	expected [Gmail.com] but found [Yahoo.com],
	Text box not found did not expect to find [true] but found [false],
	Forcefully failing the test as the condition is not met">
      <![CDATA[java.lang.AssertionError: The following asserts failed:
expected [Gmail.com] but found [Yahoo.com],
Text box not found did not expect to find [true] but found [false],
Forcefully failing the test as the condition is not met
at com.test.test03.softassertion.TestCase2SoftAssert.validateElements(TestCase2SoftAssert.java:33)
at java.util.ArrayList.forEach(Unknown Source)
... Removed 29 stack frames]]>
    </failure>
  </testcase> <!-- validateElements -->
</testsuite> <!-- Validate Title Test -->
