<?xml version="1.0" encoding="UTF-8"?>
<!-- Generated by org.testng.reporters.JUnitXMLReporter -->
<testsuite hostname="DESKTOP-7F3VJB9" ignored="4" name="Test" tests="14" failures="1" timestamp="2019-10-29T12:32:03 PDT" time="0.096" errors="0">
  <testcase name="bookFlight_OneWay_TC3" time="0.006" classname="com.test.test02.annotations.enabled.DisableTestCase"/>
  <testcase name="bookFlight_OneWay_TC4" time="0.002" classname="com.test.test02.annotations.enabled.DisableTestCase"/>
  <testcase name="bookFlight_RoundTrip_TC2" time="0.002" classname="com.test.test02.annotations.enabled.DisableTestCase"/>
  <testcase name="doUserRegistration" time="0.004" classname="com.test.test02.annotations.dependsonmethods.TestCase3DependsOnMethods">
    <failure type="java.lang.AssertionError" message="User registration failed">
      <![CDATA[java.lang.AssertionError: User registration failed
at com.test.test02.annotations.dependsonmethods.TestCase3DependsOnMethods.doUserRegistration(TestCase3DependsOnMethods.java:35)
at java.util.ArrayList.forEach(Unknown Source)
... Removed 28 stack frames]]>
    </failure>
  </testcase> <!-- doUserRegistration -->
  <testcase name="doUserLogin" time="0.0" classname="com.test.test02.annotations.dependsonmethods.TestCase3DependsOnMethods">
    <skipped/>
  </testcase> <!-- doUserLogin -->
  <testcase name="thirdTest" time="0.001" classname="com.test.test02.annotations.dependsonmethods.TestCase3DependsOnMethods"/>
  <testcase name="fourthTest" time="0.001" classname="com.test.test02.annotations.dependsonmethods.TestCase3DependsOnMethods"/>
  <testcase name="doUserRegistration" time="0.001" classname="com.test.test01.annotations.sequence.TestCase1"/>
  <testcase name="doLogin" time="0.001" classname="com.test.test01.annotations.sequence.TestCase1"/>
  <testcase name="loginTest" time="0.0" classname="com.test.test02.annotations.dependsonmethods.TestNG03DependencyTest"/>
  <testcase name="homePageTest" time="0.002" classname="com.test.test02.annotations.dependsonmethods.TestNG03DependencyTest"/>
  <testcase name="searchPageTest" time="0.001" classname="com.test.test02.annotations.dependsonmethods.TestNG03DependencyTest"/>
  <testcase name="searchTest" time="0.002" classname="com.test.test01.annotations.sequence.TestNG01AnnotationSequenceTest"/>
  <testcase name="googleTitleTest" time="0.001" classname="com.test.test01.annotations.sequence.TestNG01AnnotationSequenceTest"/>
  <testcase name="googleLogoTest" time="0.0" classname="com.test.test01.annotations.sequence.TestNG01AnnotationSequenceTest">
    <ignored/>
  </testcase> <!-- googleLogoTest -->
  <testcase name="@BeforeSuite setUp" time="0.0" classname="com.base.BaseTest">
    <ignored/>
  </testcase> <!-- @BeforeSuite setUp -->
  <testcase name="bookFlight_RoundTrip_TC1" time="0.0" classname="com.test.test02.annotations.enabled.DisableTestCase">
    <ignored/>
  </testcase> <!-- bookFlight_RoundTrip_TC1 -->
  <testcase name="@AfterSuite tearDown" time="0.0" classname="com.base.BaseTest">
    <ignored/>
  </testcase> <!-- @AfterSuite tearDown -->
</testsuite> <!-- Test -->
